<?xml version="1.0" encoding="UTF-8"?>
<testsuite xmlns:xsi="http://www.w3.org/2001/XMLSchema-instance" xsi:schemaLocation="https://maven.apache.org/surefire/maven-surefire-plugin/xsd/surefire-test-report.xsd" name="codeu.chat.server.BasicControllerTest" time="8.779" tests="6" errors="6" skipped="0" failures="0">
  <properties>
    <property name="java.runtime.name" value="Java(TM) SE Runtime Environment"/>
    <property name="sun.boot.library.path" value="/Library/Java/JavaVirtualMachines/jdk1.8.0_91.jdk/Contents/Home/jre/lib"/>
    <property name="java.vm.version" value="25.91-b14"/>
    <property name="user.country.format" value="KR"/>
    <property name="gopherProxySet" value="false"/>
    <property name="java.vm.vendor" value="Oracle Corporation"/>
    <property name="maven.multiModuleProjectDirectory" value="/Users/macbookair/Desktop/codeu_project_2017/Travel-Chat"/>
    <property name="java.vendor.url" value="http://java.oracle.com/"/>
    <property name="path.separator" value=":"/>
    <property name="guice.disable.misplaced.annotation.check" value="true"/>
    <property name="java.vm.name" value="Java HotSpot(TM) 64-Bit Server VM"/>
    <property name="file.encoding.pkg" value="sun.io"/>
    <property name="user.country" value="US"/>
    <property name="sun.java.launcher" value="SUN_STANDARD"/>
    <property name="sun.os.patch.level" value="unknown"/>
    <property name="java.vm.specification.name" value="Java Virtual Machine Specification"/>
    <property name="user.dir" value="/Users/macbookair/Desktop/codeu_project_2017/Travel-Chat"/>
    <property name="java.runtime.version" value="1.8.0_91-b14"/>
    <property name="java.awt.graphicsenv" value="sun.awt.CGraphicsEnvironment"/>
    <property name="java.endorsed.dirs" value="/Library/Java/JavaVirtualMachines/jdk1.8.0_91.jdk/Contents/Home/jre/lib/endorsed"/>
    <property name="os.arch" value="x86_64"/>
    <property name="java.io.tmpdir" value="/var/folders/01/fnsdxp5j2mqbw93rjd7f3gcc0000gn/T/"/>
    <property name="line.separator" value="&#10;"/>
    <property name="java.vm.specification.vendor" value="Oracle Corporation"/>
    <property name="os.name" value="Mac OS X"/>
    <property name="classworlds.conf" value="/usr/local/Cellar/maven/3.5.0/libexec/bin/m2.conf"/>
    <property name="sun.jnu.encoding" value="UTF-8"/>
    <property name="java.library.path" value=":/usr/local/instantclient/12.1.0.2.0//lib:/Library/Python/2.7/site-packages/PySide:/usr/local/lib:/Users/macbookair/Library/Java/Extensions:/Library/Java/Extensions:/Network/Library/Java/Extensions:/System/Library/Java/Extensions:/usr/lib/java:."/>
    <property name="maven.conf" value="/usr/local/Cellar/maven/3.5.0/libexec/conf"/>
    <property name="java.specification.name" value="Java Platform API Specification"/>
    <property name="java.class.version" value="52.0"/>
    <property name="sun.management.compiler" value="HotSpot 64-Bit Tiered Compilers"/>
    <property name="os.version" value="10.11.6"/>
    <property name="library.jansi.path" value="/usr/local/Cellar/maven/3.5.0/libexec/lib/jansi-native/osx64"/>
    <property name="http.nonProxyHosts" value="local|*.local|169.254/16|*.169.254/16"/>
    <property name="user.home" value="/Users/macbookair"/>
    <property name="user.timezone" value="Asia/Ho_Chi_Minh"/>
    <property name="java.awt.printerjob" value="sun.lwawt.macosx.CPrinterJob"/>
    <property name="java.specification.version" value="1.8"/>
    <property name="file.encoding" value="UTF-8"/>
    <property name="user.name" value="macbookair"/>
    <property name="java.class.path" value="/usr/local/Cellar/maven/3.5.0/libexec/boot/plexus-classworlds-2.5.2.jar"/>
    <property name="java.vm.specification.version" value="1.8"/>
    <property name="sun.arch.data.model" value="64"/>
    <property name="java.home" value="/Library/Java/JavaVirtualMachines/jdk1.8.0_91.jdk/Contents/Home/jre"/>
    <property name="sun.java.command" value="org.codehaus.plexus.classworlds.launcher.Launcher package"/>
    <property name="java.specification.vendor" value="Oracle Corporation"/>
    <property name="user.language" value="en"/>
    <property name="awt.toolkit" value="sun.lwawt.macosx.LWCToolkit"/>
    <property name="java.vm.info" value="mixed mode"/>
    <property name="java.version" value="1.8.0_91"/>
    <property name="java.ext.dirs" value="/Users/macbookair/Library/Java/Extensions:/Library/Java/JavaVirtualMachines/jdk1.8.0_91.jdk/Contents/Home/jre/lib/ext:/Library/Java/Extensions:/Network/Library/Java/Extensions:/System/Library/Java/Extensions:/usr/lib/java"/>
    <property name="sun.boot.class.path" value="/Library/Java/JavaVirtualMachines/jdk1.8.0_91.jdk/Contents/Home/jre/lib/resources.jar:/Library/Java/JavaVirtualMachines/jdk1.8.0_91.jdk/Contents/Home/jre/lib/rt.jar:/Library/Java/JavaVirtualMachines/jdk1.8.0_91.jdk/Contents/Home/jre/lib/sunrsasign.jar:/Library/Java/JavaVirtualMachines/jdk1.8.0_91.jdk/Contents/Home/jre/lib/jsse.jar:/Library/Java/JavaVirtualMachines/jdk1.8.0_91.jdk/Contents/Home/jre/lib/jce.jar:/Library/Java/JavaVirtualMachines/jdk1.8.0_91.jdk/Contents/Home/jre/lib/charsets.jar:/Library/Java/JavaVirtualMachines/jdk1.8.0_91.jdk/Contents/Home/jre/lib/jfr.jar:/Library/Java/JavaVirtualMachines/jdk1.8.0_91.jdk/Contents/Home/jre/classes"/>
    <property name="java.vendor" value="Oracle Corporation"/>
    <property name="maven.home" value="/usr/local/Cellar/maven/3.5.0/libexec"/>
    <property name="file.separator" value="/"/>
    <property name="java.vendor.url.bug" value="http://bugreport.sun.com/bugreport/"/>
    <property name="sun.cpu.endian" value="little"/>
    <property name="sun.io.unicode.encoding" value="UnicodeBig"/>
    <property name="socksNonProxyHosts" value="local|*.local|169.254/16|*.169.254/16"/>
    <property name="ftp.nonProxyHosts" value="local|*.local|169.254/16|*.169.254/16"/>
    <property name="sun.cpu.isalist" value=""/>
  </properties>
  <testcase name="testAddMessage" classname="codeu.chat.server.BasicControllerTest" time="4.314">
    <error message="com.google.cloud.bigtable.grpc.scanner.BigtableRetriesExhaustedException: Exhausted streaming retries." type="java.lang.RuntimeException">java.lang.RuntimeException: com.google.cloud.bigtable.grpc.scanner.BigtableRetriesExhaustedException: Exhausted streaming retries.
	at org.apache.hadoop.hbase.client.AbstractClientScanner$1.hasNext(AbstractClientScanner.java:97)
	at codeu.chat.server.Model.updateMessages(Model.java:471)
	at codeu.chat.server.Model.messageById(Model.java:444)
	at codeu.chat.server.Controller.isIdInUse(Controller.java:275)
	at codeu.chat.server.Controller.createId(Controller.java:262)
	at codeu.chat.server.Controller.newUser(Controller.java:62)
	at codeu.chat.server.BasicControllerTest.testAddMessage(BasicControllerTest.java:154)
	at sun.reflect.NativeMethodAccessorImpl.invoke0(Native Method)
	at sun.reflect.NativeMethodAccessorImpl.invoke(NativeMethodAccessorImpl.java:62)
	at sun.reflect.DelegatingMethodAccessorImpl.invoke(DelegatingMethodAccessorImpl.java:43)
	at java.lang.reflect.Method.invoke(Method.java:498)
	at org.junit.runners.model.FrameworkMethod$1.runReflectiveCall(FrameworkMethod.java:50)
	at org.junit.internal.runners.model.ReflectiveCallable.run(ReflectiveCallable.java:12)
	at org.junit.runners.model.FrameworkMethod.invokeExplosively(FrameworkMethod.java:47)
	at org.junit.internal.runners.statements.InvokeMethod.evaluate(InvokeMethod.java:17)
	at org.junit.internal.runners.statements.RunBefores.evaluate(RunBefores.java:26)
	at org.junit.runners.ParentRunner.runLeaf(ParentRunner.java:325)
	at org.junit.runners.BlockJUnit4ClassRunner.runChild(BlockJUnit4ClassRunner.java:78)
	at org.junit.runners.BlockJUnit4ClassRunner.runChild(BlockJUnit4ClassRunner.java:57)
	at org.junit.runners.ParentRunner$3.run(ParentRunner.java:290)
	at org.junit.runners.ParentRunner$1.schedule(ParentRunner.java:71)
	at org.junit.runners.ParentRunner.runChildren(ParentRunner.java:288)
	at org.junit.runners.ParentRunner.access$000(ParentRunner.java:58)
	at org.junit.runners.ParentRunner$2.evaluate(ParentRunner.java:268)
	at org.junit.runners.ParentRunner.run(ParentRunner.java:363)
	at org.apache.maven.surefire.junit4.JUnit4Provider.execute(JUnit4Provider.java:367)
	at org.apache.maven.surefire.junit4.JUnit4Provider.executeWithRerun(JUnit4Provider.java:274)
	at org.apache.maven.surefire.junit4.JUnit4Provider.executeTestSet(JUnit4Provider.java:238)
	at org.apache.maven.surefire.junit4.JUnit4Provider.invoke(JUnit4Provider.java:161)
	at org.apache.maven.surefire.booter.ForkedBooter.invokeProviderInSameClassLoader(ForkedBooter.java:290)
	at org.apache.maven.surefire.booter.ForkedBooter.runSuitesInProcess(ForkedBooter.java:242)
	at org.apache.maven.surefire.booter.ForkedBooter.main(ForkedBooter.java:121)
Caused by: com.google.cloud.bigtable.grpc.scanner.BigtableRetriesExhaustedException: Exhausted streaming retries.
	at com.google.cloud.bigtable.grpc.scanner.ResumingStreamingResultScanner.next(ResumingStreamingResultScanner.java:89)
	at com.google.cloud.bigtable.grpc.scanner.ResumingStreamingResultScanner.next(ResumingStreamingResultScanner.java:34)
	at com.google.cloud.bigtable.hbase.adapters.read.BigtableResultScannerAdapter$1.next(BigtableResultScannerAdapter.java:57)
	at org.apache.hadoop.hbase.client.AbstractClientScanner$1.hasNext(AbstractClientScanner.java:94)
	... 31 more
Caused by: com.google.cloud.bigtable.grpc.io.IOExceptionWithStatus: Error in response stream
	at com.google.cloud.bigtable.grpc.scanner.ResultQueueEntry$ExceptionResultQueueEntry.getResponseOrThrow(ResultQueueEntry.java:88)
	at com.google.cloud.bigtable.grpc.scanner.ResponseQueueReader.getNextMergedRow(ResponseQueueReader.java:91)
	at com.google.cloud.bigtable.grpc.scanner.ResumingStreamingResultScanner.next(ResumingStreamingResultScanner.java:79)
	... 34 more
Caused by: com.google.bigtable.repackaged.io.grpc.StatusRuntimeException: PERMISSION_DENIED: User can't access: projects/codeuproject12345/instances/codeuinstance12345/tables/message
	at com.google.bigtable.repackaged.io.grpc.Status.asRuntimeException(Status.java:536)
	at com.google.cloud.bigtable.grpc.async.AbstractRetryingRpcListener.onClose(AbstractRetryingRpcListener.java:147)
	at com.google.cloud.bigtable.grpc.scanner.ReadRowsRetryListener.onClose(ReadRowsRetryListener.java:141)
	at com.google.cloud.bigtable.grpc.io.ChannelPool$InstrumentedChannel$2.onClose(ChannelPool.java:209)
	at com.google.bigtable.repackaged.io.grpc.internal.ClientCallImpl$ClientStreamListenerImpl.close(ClientCallImpl.java:481)
	at com.google.bigtable.repackaged.io.grpc.internal.ClientCallImpl$ClientStreamListenerImpl.access$600(ClientCallImpl.java:398)
	at com.google.bigtable.repackaged.io.grpc.internal.ClientCallImpl$ClientStreamListenerImpl$1StreamClosed.runInContext(ClientCallImpl.java:513)
	at com.google.bigtable.repackaged.io.grpc.internal.ContextRunnable.run(ContextRunnable.java:52)
	at com.google.bigtable.repackaged.io.grpc.internal.SerializingExecutor$TaskRunner.run(SerializingExecutor.java:154)
	at java.util.concurrent.ThreadPoolExecutor.runWorker(ThreadPoolExecutor.java:1142)
	at java.util.concurrent.ThreadPoolExecutor$Worker.run(ThreadPoolExecutor.java:617)
	at java.lang.Thread.run(Thread.java:745)
</error>
    <system-out><![CDATA[Scan for all messages:
]]></system-out>
    <system-err><![CDATA[log4j:WARN No appenders could be found for logger (com.google.cloud.bigtable.hbase.BigtableOptionsFactory).
log4j:WARN Please initialize the log4j system properly.
log4j:WARN See http://logging.apache.org/log4j/1.2/faq.html#noconfig for more info.
Jun 04, 2017 2:47:07 PM com.google.bigtable.repackaged.io.grpc.internal.ManagedChannelImpl <init>
INFO: [ManagedChannelImpl@52ea0269] Created with target bigtable.googleapis.com:443
Jun 04, 2017 2:47:07 PM com.google.bigtable.repackaged.io.grpc.internal.ManagedChannelImpl <init>
INFO: [ManagedChannelImpl@637791d] Created with target bigtable.googleapis.com:443
Jun 04, 2017 2:47:07 PM com.google.bigtable.repackaged.io.grpc.internal.ManagedChannelImpl <init>
INFO: [ManagedChannelImpl@3b0c3951] Created with target bigtable.googleapis.com:443
Jun 04, 2017 2:47:07 PM com.google.bigtable.repackaged.io.grpc.internal.ManagedChannelImpl <init>
INFO: [ManagedChannelImpl@60f77af] Created with target bigtable.googleapis.com:443
Jun 04, 2017 2:47:07 PM com.google.bigtable.repackaged.io.grpc.internal.ManagedChannelImpl <init>
INFO: [ManagedChannelImpl@2574a9e3] Created with target bigtable.googleapis.com:443
Jun 04, 2017 2:47:07 PM com.google.bigtable.repackaged.io.grpc.internal.ManagedChannelImpl <init>
INFO: [ManagedChannelImpl@18b6d3c1] Created with target bigtable.googleapis.com:443
Jun 04, 2017 2:47:07 PM com.google.bigtable.repackaged.io.grpc.internal.ManagedChannelImpl <init>
INFO: [ManagedChannelImpl@422ab737] Created with target bigtable.googleapis.com:443
Jun 04, 2017 2:47:07 PM com.google.bigtable.repackaged.io.grpc.internal.ManagedChannelImpl <init>
INFO: [ManagedChannelImpl@3fe512d2] Created with target bigtable.googleapis.com:443
Jun 04, 2017 2:47:07 PM com.google.bigtable.repackaged.io.grpc.internal.ManagedChannelImpl <init>
INFO: [ManagedChannelImpl@3fde8f7c] Created with target bigtable.googleapis.com:443
Jun 04, 2017 2:47:07 PM com.google.bigtable.repackaged.io.grpc.internal.ManagedChannelImpl <init>
INFO: [ManagedChannelImpl@11d86b9d] Created with target bigtable.googleapis.com:443
Jun 04, 2017 2:47:09 PM com.google.bigtable.repackaged.io.grpc.internal.ManagedChannelImpl maybeTerminateChannel
INFO: [ManagedChannelImpl@637791d] Terminated
Jun 04, 2017 2:47:09 PM com.google.bigtable.repackaged.io.grpc.internal.ManagedChannelImpl maybeTerminateChannel
INFO: [ManagedChannelImpl@3b0c3951] Terminated
Jun 04, 2017 2:47:09 PM com.google.bigtable.repackaged.io.grpc.internal.ManagedChannelImpl maybeTerminateChannel
INFO: [ManagedChannelImpl@60f77af] Terminated
Jun 04, 2017 2:47:09 PM com.google.bigtable.repackaged.io.grpc.internal.ManagedChannelImpl maybeTerminateChannel
INFO: [ManagedChannelImpl@2574a9e3] Terminated
Jun 04, 2017 2:47:09 PM com.google.bigtable.repackaged.io.grpc.internal.ManagedChannelImpl maybeTerminateChannel
INFO: [ManagedChannelImpl@18b6d3c1] Terminated
Jun 04, 2017 2:47:09 PM com.google.bigtable.repackaged.io.grpc.internal.ManagedChannelImpl maybeTerminateChannel
INFO: [ManagedChannelImpl@422ab737] Terminated
Jun 04, 2017 2:47:09 PM com.google.bigtable.repackaged.io.grpc.internal.ManagedChannelImpl maybeTerminateChannel
INFO: [ManagedChannelImpl@3fe512d2] Terminated
Jun 04, 2017 2:47:09 PM com.google.bigtable.repackaged.io.grpc.internal.ManagedChannelImpl maybeTerminateChannel
INFO: [ManagedChannelImpl@3fde8f7c] Terminated
Jun 04, 2017 2:47:09 PM com.google.bigtable.repackaged.io.grpc.internal.ManagedChannelImpl maybeTerminateChannel
INFO: [ManagedChannelImpl@11d86b9d] Terminated
Jun 04, 2017 2:47:09 PM com.google.bigtable.repackaged.io.grpc.internal.ManagedChannelImpl maybeTerminateChannel
INFO: [ManagedChannelImpl@52ea0269] Terminated
]]></system-err>
  </testcase>
  <testcase name="testAddConversation" classname="codeu.chat.server.BasicControllerTest" time="0.836">
    <error message="com.google.cloud.bigtable.grpc.scanner.BigtableRetriesExhaustedException: Exhausted streaming retries." type="java.lang.RuntimeException">java.lang.RuntimeException: com.google.cloud.bigtable.grpc.scanner.BigtableRetriesExhaustedException: Exhausted streaming retries.
	at org.apache.hadoop.hbase.client.AbstractClientScanner$1.hasNext(AbstractClientScanner.java:97)
	at codeu.chat.server.Model.updateMessages(Model.java:471)
	at codeu.chat.server.Model.messageById(Model.java:444)
	at codeu.chat.server.Controller.isIdInUse(Controller.java:275)
	at codeu.chat.server.Controller.createId(Controller.java:262)
	at codeu.chat.server.Controller.newUser(Controller.java:62)
	at codeu.chat.server.BasicControllerTest.testAddConversation(BasicControllerTest.java:72)
	at sun.reflect.NativeMethodAccessorImpl.invoke0(Native Method)
	at sun.reflect.NativeMethodAccessorImpl.invoke(NativeMethodAccessorImpl.java:62)
	at sun.reflect.DelegatingMethodAccessorImpl.invoke(DelegatingMethodAccessorImpl.java:43)
	at java.lang.reflect.Method.invoke(Method.java:498)
	at org.junit.runners.model.FrameworkMethod$1.runReflectiveCall(FrameworkMethod.java:50)
	at org.junit.internal.runners.model.ReflectiveCallable.run(ReflectiveCallable.java:12)
	at org.junit.runners.model.FrameworkMethod.invokeExplosively(FrameworkMethod.java:47)
	at org.junit.internal.runners.statements.InvokeMethod.evaluate(InvokeMethod.java:17)
	at org.junit.internal.runners.statements.RunBefores.evaluate(RunBefores.java:26)
	at org.junit.runners.ParentRunner.runLeaf(ParentRunner.java:325)
	at org.junit.runners.BlockJUnit4ClassRunner.runChild(BlockJUnit4ClassRunner.java:78)
	at org.junit.runners.BlockJUnit4ClassRunner.runChild(BlockJUnit4ClassRunner.java:57)
	at org.junit.runners.ParentRunner$3.run(ParentRunner.java:290)
	at org.junit.runners.ParentRunner$1.schedule(ParentRunner.java:71)
	at org.junit.runners.ParentRunner.runChildren(ParentRunner.java:288)
	at org.junit.runners.ParentRunner.access$000(ParentRunner.java:58)
	at org.junit.runners.ParentRunner$2.evaluate(ParentRunner.java:268)
	at org.junit.runners.ParentRunner.run(ParentRunner.java:363)
	at org.apache.maven.surefire.junit4.JUnit4Provider.execute(JUnit4Provider.java:367)
	at org.apache.maven.surefire.junit4.JUnit4Provider.executeWithRerun(JUnit4Provider.java:274)
	at org.apache.maven.surefire.junit4.JUnit4Provider.executeTestSet(JUnit4Provider.java:238)
	at org.apache.maven.surefire.junit4.JUnit4Provider.invoke(JUnit4Provider.java:161)
	at org.apache.maven.surefire.booter.ForkedBooter.invokeProviderInSameClassLoader(ForkedBooter.java:290)
	at org.apache.maven.surefire.booter.ForkedBooter.runSuitesInProcess(ForkedBooter.java:242)
	at org.apache.maven.surefire.booter.ForkedBooter.main(ForkedBooter.java:121)
Caused by: com.google.cloud.bigtable.grpc.scanner.BigtableRetriesExhaustedException: Exhausted streaming retries.
	at com.google.cloud.bigtable.grpc.scanner.ResumingStreamingResultScanner.next(ResumingStreamingResultScanner.java:89)
	at com.google.cloud.bigtable.grpc.scanner.ResumingStreamingResultScanner.next(ResumingStreamingResultScanner.java:34)
	at com.google.cloud.bigtable.hbase.adapters.read.BigtableResultScannerAdapter$1.next(BigtableResultScannerAdapter.java:57)
	at org.apache.hadoop.hbase.client.AbstractClientScanner$1.hasNext(AbstractClientScanner.java:94)
	... 31 more
Caused by: com.google.cloud.bigtable.grpc.io.IOExceptionWithStatus: Error in response stream
	at com.google.cloud.bigtable.grpc.scanner.ResultQueueEntry$ExceptionResultQueueEntry.getResponseOrThrow(ResultQueueEntry.java:88)
	at com.google.cloud.bigtable.grpc.scanner.ResponseQueueReader.getNextMergedRow(ResponseQueueReader.java:91)
	at com.google.cloud.bigtable.grpc.scanner.ResumingStreamingResultScanner.next(ResumingStreamingResultScanner.java:79)
	... 34 more
Caused by: com.google.bigtable.repackaged.io.grpc.StatusRuntimeException: PERMISSION_DENIED: User can't access: projects/codeuproject12345/instances/codeuinstance12345/tables/message
	at com.google.bigtable.repackaged.io.grpc.Status.asRuntimeException(Status.java:536)
	at com.google.cloud.bigtable.grpc.async.AbstractRetryingRpcListener.onClose(AbstractRetryingRpcListener.java:147)
	at com.google.cloud.bigtable.grpc.scanner.ReadRowsRetryListener.onClose(ReadRowsRetryListener.java:141)
	at com.google.cloud.bigtable.grpc.io.ChannelPool$InstrumentedChannel$2.onClose(ChannelPool.java:209)
	at com.google.bigtable.repackaged.io.grpc.internal.ClientCallImpl$ClientStreamListenerImpl.close(ClientCallImpl.java:481)
	at com.google.bigtable.repackaged.io.grpc.internal.ClientCallImpl$ClientStreamListenerImpl.access$600(ClientCallImpl.java:398)
	at com.google.bigtable.repackaged.io.grpc.internal.ClientCallImpl$ClientStreamListenerImpl$1StreamClosed.runInContext(ClientCallImpl.java:513)
	at com.google.bigtable.repackaged.io.grpc.internal.ContextRunnable.run(ContextRunnable.java:52)
	at com.google.bigtable.repackaged.io.grpc.internal.SerializingExecutor$TaskRunner.run(SerializingExecutor.java:154)
	at java.util.concurrent.ThreadPoolExecutor.runWorker(ThreadPoolExecutor.java:1142)
	at java.util.concurrent.ThreadPoolExecutor$Worker.run(ThreadPoolExecutor.java:617)
	at java.lang.Thread.run(Thread.java:745)
</error>
    <system-out><![CDATA[Scan for all messages:
]]></system-out>
    <system-err><![CDATA[Jun 04, 2017 2:47:09 PM com.google.bigtable.repackaged.io.grpc.internal.ManagedChannelImpl <init>
INFO: [ManagedChannelImpl@23f8036d] Created with target bigtable.googleapis.com:443
Jun 04, 2017 2:47:09 PM com.google.bigtable.repackaged.io.grpc.internal.ManagedChannelImpl <init>
INFO: [ManagedChannelImpl@2b058bfd] Created with target bigtable.googleapis.com:443
Jun 04, 2017 2:47:09 PM com.google.bigtable.repackaged.io.grpc.internal.ManagedChannelImpl <init>
INFO: [ManagedChannelImpl@14ca88bc] Created with target bigtable.googleapis.com:443
Jun 04, 2017 2:47:09 PM com.google.bigtable.repackaged.io.grpc.internal.ManagedChannelImpl <init>
INFO: [ManagedChannelImpl@f01fc6d] Created with target bigtable.googleapis.com:443
Jun 04, 2017 2:47:09 PM com.google.bigtable.repackaged.io.grpc.internal.ManagedChannelImpl <init>
INFO: [ManagedChannelImpl@85cd413] Created with target bigtable.googleapis.com:443
Jun 04, 2017 2:47:09 PM com.google.bigtable.repackaged.io.grpc.internal.ManagedChannelImpl <init>
INFO: [ManagedChannelImpl@688d2a5d] Created with target bigtable.googleapis.com:443
Jun 04, 2017 2:47:09 PM com.google.bigtable.repackaged.io.grpc.internal.ManagedChannelImpl <init>
INFO: [ManagedChannelImpl@2842c098] Created with target bigtable.googleapis.com:443
Jun 04, 2017 2:47:09 PM com.google.bigtable.repackaged.io.grpc.internal.ManagedChannelImpl <init>
INFO: [ManagedChannelImpl@2820b369] Created with target bigtable.googleapis.com:443
Jun 04, 2017 2:47:09 PM com.google.bigtable.repackaged.io.grpc.internal.ManagedChannelImpl <init>
INFO: [ManagedChannelImpl@46b21632] Created with target bigtable.googleapis.com:443
Jun 04, 2017 2:47:09 PM com.google.bigtable.repackaged.io.grpc.internal.ManagedChannelImpl <init>
INFO: [ManagedChannelImpl@476c137b] Created with target bigtable.googleapis.com:443
Jun 04, 2017 2:47:10 PM com.google.bigtable.repackaged.io.grpc.internal.ManagedChannelImpl maybeTerminateChannel
INFO: [ManagedChannelImpl@2b058bfd] Terminated
Jun 04, 2017 2:47:10 PM com.google.bigtable.repackaged.io.grpc.internal.ManagedChannelImpl maybeTerminateChannel
INFO: [ManagedChannelImpl@14ca88bc] Terminated
Jun 04, 2017 2:47:10 PM com.google.bigtable.repackaged.io.grpc.internal.ManagedChannelImpl maybeTerminateChannel
INFO: [ManagedChannelImpl@f01fc6d] Terminated
Jun 04, 2017 2:47:10 PM com.google.bigtable.repackaged.io.grpc.internal.ManagedChannelImpl maybeTerminateChannel
INFO: [ManagedChannelImpl@85cd413] Terminated
Jun 04, 2017 2:47:10 PM com.google.bigtable.repackaged.io.grpc.internal.ManagedChannelImpl maybeTerminateChannel
INFO: [ManagedChannelImpl@688d2a5d] Terminated
Jun 04, 2017 2:47:10 PM com.google.bigtable.repackaged.io.grpc.internal.ManagedChannelImpl maybeTerminateChannel
INFO: [ManagedChannelImpl@2842c098] Terminated
Jun 04, 2017 2:47:10 PM com.google.bigtable.repackaged.io.grpc.internal.ManagedChannelImpl maybeTerminateChannel
INFO: [ManagedChannelImpl@23f8036d] Terminated
Jun 04, 2017 2:47:10 PM com.google.bigtable.repackaged.io.grpc.internal.ManagedChannelImpl maybeTerminateChannel
INFO: [ManagedChannelImpl@2820b369] Terminated
Jun 04, 2017 2:47:10 PM com.google.bigtable.repackaged.io.grpc.internal.ManagedChannelImpl maybeTerminateChannel
INFO: [ManagedChannelImpl@46b21632] Terminated
Jun 04, 2017 2:47:10 PM com.google.bigtable.repackaged.io.grpc.internal.ManagedChannelImpl maybeTerminateChannel
INFO: [ManagedChannelImpl@476c137b] Terminated
]]></system-err>
  </testcase>
  <testcase name="testAddUser" classname="codeu.chat.server.BasicControllerTest" time="0.919">
    <error message="com.google.cloud.bigtable.grpc.scanner.BigtableRetriesExhaustedException: Exhausted streaming retries." type="java.lang.RuntimeException">java.lang.RuntimeException: com.google.cloud.bigtable.grpc.scanner.BigtableRetriesExhaustedException: Exhausted streaming retries.
	at org.apache.hadoop.hbase.client.AbstractClientScanner$1.hasNext(AbstractClientScanner.java:97)
	at codeu.chat.server.Model.updateMessages(Model.java:471)
	at codeu.chat.server.Model.messageById(Model.java:444)
	at codeu.chat.server.Controller.isIdInUse(Controller.java:275)
	at codeu.chat.server.Controller.createId(Controller.java:262)
	at codeu.chat.server.Controller.newUser(Controller.java:62)
	at codeu.chat.server.BasicControllerTest.testAddUser(BasicControllerTest.java:44)
	at sun.reflect.NativeMethodAccessorImpl.invoke0(Native Method)
	at sun.reflect.NativeMethodAccessorImpl.invoke(NativeMethodAccessorImpl.java:62)
	at sun.reflect.DelegatingMethodAccessorImpl.invoke(DelegatingMethodAccessorImpl.java:43)
	at java.lang.reflect.Method.invoke(Method.java:498)
	at org.junit.runners.model.FrameworkMethod$1.runReflectiveCall(FrameworkMethod.java:50)
	at org.junit.internal.runners.model.ReflectiveCallable.run(ReflectiveCallable.java:12)
	at org.junit.runners.model.FrameworkMethod.invokeExplosively(FrameworkMethod.java:47)
	at org.junit.internal.runners.statements.InvokeMethod.evaluate(InvokeMethod.java:17)
	at org.junit.internal.runners.statements.RunBefores.evaluate(RunBefores.java:26)
	at org.junit.runners.ParentRunner.runLeaf(ParentRunner.java:325)
	at org.junit.runners.BlockJUnit4ClassRunner.runChild(BlockJUnit4ClassRunner.java:78)
	at org.junit.runners.BlockJUnit4ClassRunner.runChild(BlockJUnit4ClassRunner.java:57)
	at org.junit.runners.ParentRunner$3.run(ParentRunner.java:290)
	at org.junit.runners.ParentRunner$1.schedule(ParentRunner.java:71)
	at org.junit.runners.ParentRunner.runChildren(ParentRunner.java:288)
	at org.junit.runners.ParentRunner.access$000(ParentRunner.java:58)
	at org.junit.runners.ParentRunner$2.evaluate(ParentRunner.java:268)
	at org.junit.runners.ParentRunner.run(ParentRunner.java:363)
	at org.apache.maven.surefire.junit4.JUnit4Provider.execute(JUnit4Provider.java:367)
	at org.apache.maven.surefire.junit4.JUnit4Provider.executeWithRerun(JUnit4Provider.java:274)
	at org.apache.maven.surefire.junit4.JUnit4Provider.executeTestSet(JUnit4Provider.java:238)
	at org.apache.maven.surefire.junit4.JUnit4Provider.invoke(JUnit4Provider.java:161)
	at org.apache.maven.surefire.booter.ForkedBooter.invokeProviderInSameClassLoader(ForkedBooter.java:290)
	at org.apache.maven.surefire.booter.ForkedBooter.runSuitesInProcess(ForkedBooter.java:242)
	at org.apache.maven.surefire.booter.ForkedBooter.main(ForkedBooter.java:121)
Caused by: com.google.cloud.bigtable.grpc.scanner.BigtableRetriesExhaustedException: Exhausted streaming retries.
	at com.google.cloud.bigtable.grpc.scanner.ResumingStreamingResultScanner.next(ResumingStreamingResultScanner.java:89)
	at com.google.cloud.bigtable.grpc.scanner.ResumingStreamingResultScanner.next(ResumingStreamingResultScanner.java:34)
	at com.google.cloud.bigtable.hbase.adapters.read.BigtableResultScannerAdapter$1.next(BigtableResultScannerAdapter.java:57)
	at org.apache.hadoop.hbase.client.AbstractClientScanner$1.hasNext(AbstractClientScanner.java:94)
	... 31 more
Caused by: com.google.cloud.bigtable.grpc.io.IOExceptionWithStatus: Error in response stream
	at com.google.cloud.bigtable.grpc.scanner.ResultQueueEntry$ExceptionResultQueueEntry.getResponseOrThrow(ResultQueueEntry.java:88)
	at com.google.cloud.bigtable.grpc.scanner.ResponseQueueReader.getNextMergedRow(ResponseQueueReader.java:91)
	at com.google.cloud.bigtable.grpc.scanner.ResumingStreamingResultScanner.next(ResumingStreamingResultScanner.java:79)
	... 34 more
Caused by: com.google.bigtable.repackaged.io.grpc.StatusRuntimeException: PERMISSION_DENIED: User can't access: projects/codeuproject12345/instances/codeuinstance12345/tables/message
	at com.google.bigtable.repackaged.io.grpc.Status.asRuntimeException(Status.java:536)
	at com.google.cloud.bigtable.grpc.async.AbstractRetryingRpcListener.onClose(AbstractRetryingRpcListener.java:147)
	at com.google.cloud.bigtable.grpc.scanner.ReadRowsRetryListener.onClose(ReadRowsRetryListener.java:141)
	at com.google.cloud.bigtable.grpc.io.ChannelPool$InstrumentedChannel$2.onClose(ChannelPool.java:209)
	at com.google.bigtable.repackaged.io.grpc.internal.ClientCallImpl$ClientStreamListenerImpl.close(ClientCallImpl.java:481)
	at com.google.bigtable.repackaged.io.grpc.internal.ClientCallImpl$ClientStreamListenerImpl.access$600(ClientCallImpl.java:398)
	at com.google.bigtable.repackaged.io.grpc.internal.ClientCallImpl$ClientStreamListenerImpl$1StreamClosed.runInContext(ClientCallImpl.java:513)
	at com.google.bigtable.repackaged.io.grpc.internal.ContextRunnable.run(ContextRunnable.java:52)
	at com.google.bigtable.repackaged.io.grpc.internal.SerializingExecutor$TaskRunner.run(SerializingExecutor.java:154)
	at java.util.concurrent.ThreadPoolExecutor.runWorker(ThreadPoolExecutor.java:1142)
	at java.util.concurrent.ThreadPoolExecutor$Worker.run(ThreadPoolExecutor.java:617)
	at java.lang.Thread.run(Thread.java:745)
</error>
    <system-out><![CDATA[Scan for all messages:
]]></system-out>
    <system-err><![CDATA[Jun 04, 2017 2:47:10 PM com.google.bigtable.repackaged.io.grpc.internal.ManagedChannelImpl <init>
INFO: [ManagedChannelImpl@1c62d2ad] Created with target bigtable.googleapis.com:443
Jun 04, 2017 2:47:10 PM com.google.bigtable.repackaged.io.grpc.internal.ManagedChannelImpl <init>
INFO: [ManagedChannelImpl@651caa2e] Created with target bigtable.googleapis.com:443
Jun 04, 2017 2:47:10 PM com.google.bigtable.repackaged.io.grpc.internal.ManagedChannelImpl <init>
INFO: [ManagedChannelImpl@433ae0b0] Created with target bigtable.googleapis.com:443
Jun 04, 2017 2:47:10 PM com.google.bigtable.repackaged.io.grpc.internal.ManagedChannelImpl <init>
INFO: [ManagedChannelImpl@70840a5a] Created with target bigtable.googleapis.com:443
Jun 04, 2017 2:47:10 PM com.google.bigtable.repackaged.io.grpc.internal.ManagedChannelImpl <init>
INFO: [ManagedChannelImpl@7af9595d] Created with target bigtable.googleapis.com:443
Jun 04, 2017 2:47:10 PM com.google.bigtable.repackaged.io.grpc.internal.ManagedChannelImpl <init>
INFO: [ManagedChannelImpl@7a34c1f6] Created with target bigtable.googleapis.com:443
Jun 04, 2017 2:47:10 PM com.google.bigtable.repackaged.io.grpc.internal.ManagedChannelImpl <init>
INFO: [ManagedChannelImpl@6e9f8160] Created with target bigtable.googleapis.com:443
Jun 04, 2017 2:47:10 PM com.google.bigtable.repackaged.io.grpc.internal.ManagedChannelImpl <init>
INFO: [ManagedChannelImpl@3e998033] Created with target bigtable.googleapis.com:443
Jun 04, 2017 2:47:10 PM com.google.bigtable.repackaged.io.grpc.internal.ManagedChannelImpl <init>
INFO: [ManagedChannelImpl@e1a150c] Created with target bigtable.googleapis.com:443
Jun 04, 2017 2:47:10 PM com.google.bigtable.repackaged.io.grpc.internal.ManagedChannelImpl <init>
INFO: [ManagedChannelImpl@527d5e48] Created with target bigtable.googleapis.com:443
Jun 04, 2017 2:47:11 PM com.google.bigtable.repackaged.io.grpc.internal.ManagedChannelImpl maybeTerminateChannel
INFO: [ManagedChannelImpl@651caa2e] Terminated
Jun 04, 2017 2:47:11 PM com.google.bigtable.repackaged.io.grpc.internal.ManagedChannelImpl maybeTerminateChannel
INFO: [ManagedChannelImpl@433ae0b0] Terminated
Jun 04, 2017 2:47:11 PM com.google.bigtable.repackaged.io.grpc.internal.ManagedChannelImpl maybeTerminateChannel
INFO: [ManagedChannelImpl@70840a5a] Terminated
Jun 04, 2017 2:47:11 PM com.google.bigtable.repackaged.io.grpc.internal.ManagedChannelImpl maybeTerminateChannel
INFO: [ManagedChannelImpl@7af9595d] Terminated
Jun 04, 2017 2:47:11 PM com.google.bigtable.repackaged.io.grpc.internal.ManagedChannelImpl maybeTerminateChannel
INFO: [ManagedChannelImpl@7a34c1f6] Terminated
Jun 04, 2017 2:47:11 PM com.google.bigtable.repackaged.io.grpc.internal.ManagedChannelImpl maybeTerminateChannel
INFO: [ManagedChannelImpl@1c62d2ad] Terminated
Jun 04, 2017 2:47:11 PM com.google.bigtable.repackaged.io.grpc.internal.ManagedChannelImpl maybeTerminateChannel
INFO: [ManagedChannelImpl@6e9f8160] Terminated
Jun 04, 2017 2:47:11 PM com.google.bigtable.repackaged.io.grpc.internal.ManagedChannelImpl maybeTerminateChannel
INFO: [ManagedChannelImpl@3e998033] Terminated
Jun 04, 2017 2:47:11 PM com.google.bigtable.repackaged.io.grpc.internal.ManagedChannelImpl maybeTerminateChannel
INFO: [ManagedChannelImpl@e1a150c] Terminated
Jun 04, 2017 2:47:11 PM com.google.bigtable.repackaged.io.grpc.internal.ManagedChannelImpl maybeTerminateChannel
INFO: [ManagedChannelImpl@527d5e48] Terminated
]]></system-err>
  </testcase>
  <testcase name="testAddGroup" classname="codeu.chat.server.BasicControllerTest" time="0.877">
    <error message="com.google.cloud.bigtable.grpc.scanner.BigtableRetriesExhaustedException: Exhausted streaming retries." type="java.lang.RuntimeException">java.lang.RuntimeException: com.google.cloud.bigtable.grpc.scanner.BigtableRetriesExhaustedException: Exhausted streaming retries.
	at org.apache.hadoop.hbase.client.AbstractClientScanner$1.hasNext(AbstractClientScanner.java:97)
	at codeu.chat.server.Model.updateMessages(Model.java:471)
	at codeu.chat.server.Model.messageById(Model.java:444)
	at codeu.chat.server.Controller.isIdInUse(Controller.java:275)
	at codeu.chat.server.Controller.createId(Controller.java:262)
	at codeu.chat.server.Controller.newUser(Controller.java:62)
	at codeu.chat.server.BasicControllerTest.testAddGroup(BasicControllerTest.java:133)
	at sun.reflect.NativeMethodAccessorImpl.invoke0(Native Method)
	at sun.reflect.NativeMethodAccessorImpl.invoke(NativeMethodAccessorImpl.java:62)
	at sun.reflect.DelegatingMethodAccessorImpl.invoke(DelegatingMethodAccessorImpl.java:43)
	at java.lang.reflect.Method.invoke(Method.java:498)
	at org.junit.runners.model.FrameworkMethod$1.runReflectiveCall(FrameworkMethod.java:50)
	at org.junit.internal.runners.model.ReflectiveCallable.run(ReflectiveCallable.java:12)
	at org.junit.runners.model.FrameworkMethod.invokeExplosively(FrameworkMethod.java:47)
	at org.junit.internal.runners.statements.InvokeMethod.evaluate(InvokeMethod.java:17)
	at org.junit.internal.runners.statements.RunBefores.evaluate(RunBefores.java:26)
	at org.junit.runners.ParentRunner.runLeaf(ParentRunner.java:325)
	at org.junit.runners.BlockJUnit4ClassRunner.runChild(BlockJUnit4ClassRunner.java:78)
	at org.junit.runners.BlockJUnit4ClassRunner.runChild(BlockJUnit4ClassRunner.java:57)
	at org.junit.runners.ParentRunner$3.run(ParentRunner.java:290)
	at org.junit.runners.ParentRunner$1.schedule(ParentRunner.java:71)
	at org.junit.runners.ParentRunner.runChildren(ParentRunner.java:288)
	at org.junit.runners.ParentRunner.access$000(ParentRunner.java:58)
	at org.junit.runners.ParentRunner$2.evaluate(ParentRunner.java:268)
	at org.junit.runners.ParentRunner.run(ParentRunner.java:363)
	at org.apache.maven.surefire.junit4.JUnit4Provider.execute(JUnit4Provider.java:367)
	at org.apache.maven.surefire.junit4.JUnit4Provider.executeWithRerun(JUnit4Provider.java:274)
	at org.apache.maven.surefire.junit4.JUnit4Provider.executeTestSet(JUnit4Provider.java:238)
	at org.apache.maven.surefire.junit4.JUnit4Provider.invoke(JUnit4Provider.java:161)
	at org.apache.maven.surefire.booter.ForkedBooter.invokeProviderInSameClassLoader(ForkedBooter.java:290)
	at org.apache.maven.surefire.booter.ForkedBooter.runSuitesInProcess(ForkedBooter.java:242)
	at org.apache.maven.surefire.booter.ForkedBooter.main(ForkedBooter.java:121)
Caused by: com.google.cloud.bigtable.grpc.scanner.BigtableRetriesExhaustedException: Exhausted streaming retries.
	at com.google.cloud.bigtable.grpc.scanner.ResumingStreamingResultScanner.next(ResumingStreamingResultScanner.java:89)
	at com.google.cloud.bigtable.grpc.scanner.ResumingStreamingResultScanner.next(ResumingStreamingResultScanner.java:34)
	at com.google.cloud.bigtable.hbase.adapters.read.BigtableResultScannerAdapter$1.next(BigtableResultScannerAdapter.java:57)
	at org.apache.hadoop.hbase.client.AbstractClientScanner$1.hasNext(AbstractClientScanner.java:94)
	... 31 more
Caused by: com.google.cloud.bigtable.grpc.io.IOExceptionWithStatus: Error in response stream
	at com.google.cloud.bigtable.grpc.scanner.ResultQueueEntry$ExceptionResultQueueEntry.getResponseOrThrow(ResultQueueEntry.java:88)
	at com.google.cloud.bigtable.grpc.scanner.ResponseQueueReader.getNextMergedRow(ResponseQueueReader.java:91)
	at com.google.cloud.bigtable.grpc.scanner.ResumingStreamingResultScanner.next(ResumingStreamingResultScanner.java:79)
	... 34 more
Caused by: com.google.bigtable.repackaged.io.grpc.StatusRuntimeException: PERMISSION_DENIED: User can't access: projects/codeuproject12345/instances/codeuinstance12345/tables/message
	at com.google.bigtable.repackaged.io.grpc.Status.asRuntimeException(Status.java:536)
	at com.google.cloud.bigtable.grpc.async.AbstractRetryingRpcListener.onClose(AbstractRetryingRpcListener.java:147)
	at com.google.cloud.bigtable.grpc.scanner.ReadRowsRetryListener.onClose(ReadRowsRetryListener.java:141)
	at com.google.cloud.bigtable.grpc.io.ChannelPool$InstrumentedChannel$2.onClose(ChannelPool.java:209)
	at com.google.bigtable.repackaged.io.grpc.internal.ClientCallImpl$ClientStreamListenerImpl.close(ClientCallImpl.java:481)
	at com.google.bigtable.repackaged.io.grpc.internal.ClientCallImpl$ClientStreamListenerImpl.access$600(ClientCallImpl.java:398)
	at com.google.bigtable.repackaged.io.grpc.internal.ClientCallImpl$ClientStreamListenerImpl$1StreamClosed.runInContext(ClientCallImpl.java:513)
	at com.google.bigtable.repackaged.io.grpc.internal.ContextRunnable.run(ContextRunnable.java:52)
	at com.google.bigtable.repackaged.io.grpc.internal.SerializingExecutor$TaskRunner.run(SerializingExecutor.java:154)
	at java.util.concurrent.ThreadPoolExecutor.runWorker(ThreadPoolExecutor.java:1142)
	at java.util.concurrent.ThreadPoolExecutor$Worker.run(ThreadPoolExecutor.java:617)
	at java.lang.Thread.run(Thread.java:745)
</error>
    <system-out><![CDATA[Scan for all messages:
]]></system-out>
    <system-err><![CDATA[Jun 04, 2017 2:47:11 PM com.google.bigtable.repackaged.io.grpc.internal.ManagedChannelImpl <init>
INFO: [ManagedChannelImpl@7612116b] Created with target bigtable.googleapis.com:443
Jun 04, 2017 2:47:11 PM com.google.bigtable.repackaged.io.grpc.internal.ManagedChannelImpl <init>
INFO: [ManagedChannelImpl@1c05097c] Created with target bigtable.googleapis.com:443
Jun 04, 2017 2:47:11 PM com.google.bigtable.repackaged.io.grpc.internal.ManagedChannelImpl <init>
INFO: [ManagedChannelImpl@562f6681] Created with target bigtable.googleapis.com:443
Jun 04, 2017 2:47:11 PM com.google.bigtable.repackaged.io.grpc.internal.ManagedChannelImpl <init>
INFO: [ManagedChannelImpl@6f6f65a4] Created with target bigtable.googleapis.com:443
Jun 04, 2017 2:47:11 PM com.google.bigtable.repackaged.io.grpc.internal.ManagedChannelImpl <init>
INFO: [ManagedChannelImpl@990b86b] Created with target bigtable.googleapis.com:443
Jun 04, 2017 2:47:11 PM com.google.bigtable.repackaged.io.grpc.internal.ManagedChannelImpl <init>
INFO: [ManagedChannelImpl@3dea1ecc] Created with target bigtable.googleapis.com:443
Jun 04, 2017 2:47:11 PM com.google.bigtable.repackaged.io.grpc.internal.ManagedChannelImpl <init>
INFO: [ManagedChannelImpl@105c6c9e] Created with target bigtable.googleapis.com:443
Jun 04, 2017 2:47:11 PM com.google.bigtable.repackaged.io.grpc.internal.ManagedChannelImpl <init>
INFO: [ManagedChannelImpl@40a7974] Created with target bigtable.googleapis.com:443
Jun 04, 2017 2:47:11 PM com.google.bigtable.repackaged.io.grpc.internal.ManagedChannelImpl <init>
INFO: [ManagedChannelImpl@8d5da7e] Created with target bigtable.googleapis.com:443
Jun 04, 2017 2:47:11 PM com.google.bigtable.repackaged.io.grpc.internal.ManagedChannelImpl <init>
INFO: [ManagedChannelImpl@65a4b9d6] Created with target bigtable.googleapis.com:443
Jun 04, 2017 2:47:12 PM com.google.bigtable.repackaged.io.grpc.internal.ManagedChannelImpl maybeTerminateChannel
INFO: [ManagedChannelImpl@1c05097c] Terminated
Jun 04, 2017 2:47:12 PM com.google.bigtable.repackaged.io.grpc.internal.ManagedChannelImpl maybeTerminateChannel
INFO: [ManagedChannelImpl@562f6681] Terminated
Jun 04, 2017 2:47:12 PM com.google.bigtable.repackaged.io.grpc.internal.ManagedChannelImpl maybeTerminateChannel
INFO: [ManagedChannelImpl@6f6f65a4] Terminated
Jun 04, 2017 2:47:12 PM com.google.bigtable.repackaged.io.grpc.internal.ManagedChannelImpl maybeTerminateChannel
INFO: [ManagedChannelImpl@990b86b] Terminated
Jun 04, 2017 2:47:12 PM com.google.bigtable.repackaged.io.grpc.internal.ManagedChannelImpl maybeTerminateChannel
INFO: [ManagedChannelImpl@3dea1ecc] Terminated
Jun 04, 2017 2:47:12 PM com.google.bigtable.repackaged.io.grpc.internal.ManagedChannelImpl maybeTerminateChannel
INFO: [ManagedChannelImpl@105c6c9e] Terminated
Jun 04, 2017 2:47:12 PM com.google.bigtable.repackaged.io.grpc.internal.ManagedChannelImpl maybeTerminateChannel
INFO: [ManagedChannelImpl@7612116b] Terminated
Jun 04, 2017 2:47:12 PM com.google.bigtable.repackaged.io.grpc.internal.ManagedChannelImpl maybeTerminateChannel
INFO: [ManagedChannelImpl@40a7974] Terminated
Jun 04, 2017 2:47:12 PM com.google.bigtable.repackaged.io.grpc.internal.ManagedChannelImpl maybeTerminateChannel
INFO: [ManagedChannelImpl@8d5da7e] Terminated
Jun 04, 2017 2:47:12 PM com.google.bigtable.repackaged.io.grpc.internal.ManagedChannelImpl maybeTerminateChannel
INFO: [ManagedChannelImpl@65a4b9d6] Terminated
]]></system-err>
  </testcase>
  <testcase name="testDeleteUser" classname="codeu.chat.server.BasicControllerTest" time="0.908">
    <error message="com.google.cloud.bigtable.grpc.scanner.BigtableRetriesExhaustedException: Exhausted streaming retries." type="java.lang.RuntimeException">java.lang.RuntimeException: com.google.cloud.bigtable.grpc.scanner.BigtableRetriesExhaustedException: Exhausted streaming retries.
	at org.apache.hadoop.hbase.client.AbstractClientScanner$1.hasNext(AbstractClientScanner.java:97)
	at codeu.chat.server.Model.updateMessages(Model.java:471)
	at codeu.chat.server.Model.messageById(Model.java:444)
	at codeu.chat.server.Controller.isIdInUse(Controller.java:275)
	at codeu.chat.server.Controller.createId(Controller.java:262)
	at codeu.chat.server.Controller.newUser(Controller.java:62)
	at codeu.chat.server.BasicControllerTest.testDeleteUser(BasicControllerTest.java:56)
	at sun.reflect.NativeMethodAccessorImpl.invoke0(Native Method)
	at sun.reflect.NativeMethodAccessorImpl.invoke(NativeMethodAccessorImpl.java:62)
	at sun.reflect.DelegatingMethodAccessorImpl.invoke(DelegatingMethodAccessorImpl.java:43)
	at java.lang.reflect.Method.invoke(Method.java:498)
	at org.junit.runners.model.FrameworkMethod$1.runReflectiveCall(FrameworkMethod.java:50)
	at org.junit.internal.runners.model.ReflectiveCallable.run(ReflectiveCallable.java:12)
	at org.junit.runners.model.FrameworkMethod.invokeExplosively(FrameworkMethod.java:47)
	at org.junit.internal.runners.statements.InvokeMethod.evaluate(InvokeMethod.java:17)
	at org.junit.internal.runners.statements.RunBefores.evaluate(RunBefores.java:26)
	at org.junit.runners.ParentRunner.runLeaf(ParentRunner.java:325)
	at org.junit.runners.BlockJUnit4ClassRunner.runChild(BlockJUnit4ClassRunner.java:78)
	at org.junit.runners.BlockJUnit4ClassRunner.runChild(BlockJUnit4ClassRunner.java:57)
	at org.junit.runners.ParentRunner$3.run(ParentRunner.java:290)
	at org.junit.runners.ParentRunner$1.schedule(ParentRunner.java:71)
	at org.junit.runners.ParentRunner.runChildren(ParentRunner.java:288)
	at org.junit.runners.ParentRunner.access$000(ParentRunner.java:58)
	at org.junit.runners.ParentRunner$2.evaluate(ParentRunner.java:268)
	at org.junit.runners.ParentRunner.run(ParentRunner.java:363)
	at org.apache.maven.surefire.junit4.JUnit4Provider.execute(JUnit4Provider.java:367)
	at org.apache.maven.surefire.junit4.JUnit4Provider.executeWithRerun(JUnit4Provider.java:274)
	at org.apache.maven.surefire.junit4.JUnit4Provider.executeTestSet(JUnit4Provider.java:238)
	at org.apache.maven.surefire.junit4.JUnit4Provider.invoke(JUnit4Provider.java:161)
	at org.apache.maven.surefire.booter.ForkedBooter.invokeProviderInSameClassLoader(ForkedBooter.java:290)
	at org.apache.maven.surefire.booter.ForkedBooter.runSuitesInProcess(ForkedBooter.java:242)
	at org.apache.maven.surefire.booter.ForkedBooter.main(ForkedBooter.java:121)
Caused by: com.google.cloud.bigtable.grpc.scanner.BigtableRetriesExhaustedException: Exhausted streaming retries.
	at com.google.cloud.bigtable.grpc.scanner.ResumingStreamingResultScanner.next(ResumingStreamingResultScanner.java:89)
	at com.google.cloud.bigtable.grpc.scanner.ResumingStreamingResultScanner.next(ResumingStreamingResultScanner.java:34)
	at com.google.cloud.bigtable.hbase.adapters.read.BigtableResultScannerAdapter$1.next(BigtableResultScannerAdapter.java:57)
	at org.apache.hadoop.hbase.client.AbstractClientScanner$1.hasNext(AbstractClientScanner.java:94)
	... 31 more
Caused by: com.google.cloud.bigtable.grpc.io.IOExceptionWithStatus: Error in response stream
	at com.google.cloud.bigtable.grpc.scanner.ResultQueueEntry$ExceptionResultQueueEntry.getResponseOrThrow(ResultQueueEntry.java:88)
	at com.google.cloud.bigtable.grpc.scanner.ResponseQueueReader.getNextMergedRow(ResponseQueueReader.java:91)
	at com.google.cloud.bigtable.grpc.scanner.ResumingStreamingResultScanner.next(ResumingStreamingResultScanner.java:79)
	... 34 more
Caused by: com.google.bigtable.repackaged.io.grpc.StatusRuntimeException: PERMISSION_DENIED: User can't access: projects/codeuproject12345/instances/codeuinstance12345/tables/message
	at com.google.bigtable.repackaged.io.grpc.Status.asRuntimeException(Status.java:536)
	at com.google.cloud.bigtable.grpc.async.AbstractRetryingRpcListener.onClose(AbstractRetryingRpcListener.java:147)
	at com.google.cloud.bigtable.grpc.scanner.ReadRowsRetryListener.onClose(ReadRowsRetryListener.java:141)
	at com.google.cloud.bigtable.grpc.io.ChannelPool$InstrumentedChannel$2.onClose(ChannelPool.java:209)
	at com.google.bigtable.repackaged.io.grpc.internal.ClientCallImpl$ClientStreamListenerImpl.close(ClientCallImpl.java:481)
	at com.google.bigtable.repackaged.io.grpc.internal.ClientCallImpl$ClientStreamListenerImpl.access$600(ClientCallImpl.java:398)
	at com.google.bigtable.repackaged.io.grpc.internal.ClientCallImpl$ClientStreamListenerImpl$1StreamClosed.runInContext(ClientCallImpl.java:513)
	at com.google.bigtable.repackaged.io.grpc.internal.ContextRunnable.run(ContextRunnable.java:52)
	at com.google.bigtable.repackaged.io.grpc.internal.SerializingExecutor$TaskRunner.run(SerializingExecutor.java:154)
	at java.util.concurrent.ThreadPoolExecutor.runWorker(ThreadPoolExecutor.java:1142)
	at java.util.concurrent.ThreadPoolExecutor$Worker.run(ThreadPoolExecutor.java:617)
	at java.lang.Thread.run(Thread.java:745)
</error>
    <system-out><![CDATA[Scan for all messages:
]]></system-out>
    <system-err><![CDATA[Jun 04, 2017 2:47:12 PM com.google.bigtable.repackaged.io.grpc.internal.ManagedChannelImpl <init>
INFO: [ManagedChannelImpl@53918b5e] Created with target bigtable.googleapis.com:443
Jun 04, 2017 2:47:12 PM com.google.bigtable.repackaged.io.grpc.internal.ManagedChannelImpl <init>
INFO: [ManagedChannelImpl@5366575d] Created with target bigtable.googleapis.com:443
Jun 04, 2017 2:47:12 PM com.google.bigtable.repackaged.io.grpc.internal.ManagedChannelImpl <init>
INFO: [ManagedChannelImpl@1b6cad77] Created with target bigtable.googleapis.com:443
Jun 04, 2017 2:47:12 PM com.google.bigtable.repackaged.io.grpc.internal.ManagedChannelImpl <init>
INFO: [ManagedChannelImpl@1fca53a7] Created with target bigtable.googleapis.com:443
Jun 04, 2017 2:47:12 PM com.google.bigtable.repackaged.io.grpc.internal.ManagedChannelImpl <init>
INFO: [ManagedChannelImpl@40dee07b] Created with target bigtable.googleapis.com:443
Jun 04, 2017 2:47:12 PM com.google.bigtable.repackaged.io.grpc.internal.ManagedChannelImpl <init>
INFO: [ManagedChannelImpl@21e39b82] Created with target bigtable.googleapis.com:443
Jun 04, 2017 2:47:12 PM com.google.bigtable.repackaged.io.grpc.internal.ManagedChannelImpl <init>
INFO: [ManagedChannelImpl@5f9a8ddc] Created with target bigtable.googleapis.com:443
Jun 04, 2017 2:47:12 PM com.google.bigtable.repackaged.io.grpc.internal.ManagedChannelImpl <init>
INFO: [ManagedChannelImpl@1280bae3] Created with target bigtable.googleapis.com:443
Jun 04, 2017 2:47:12 PM com.google.bigtable.repackaged.io.grpc.internal.ManagedChannelImpl <init>
INFO: [ManagedChannelImpl@256a5df0] Created with target bigtable.googleapis.com:443
Jun 04, 2017 2:47:12 PM com.google.bigtable.repackaged.io.grpc.internal.ManagedChannelImpl <init>
INFO: [ManagedChannelImpl@1868ed54] Created with target bigtable.googleapis.com:443
Jun 04, 2017 2:47:13 PM com.google.bigtable.repackaged.io.grpc.internal.ManagedChannelImpl maybeTerminateChannel
INFO: [ManagedChannelImpl@5366575d] Terminated
Jun 04, 2017 2:47:13 PM com.google.bigtable.repackaged.io.grpc.internal.ManagedChannelImpl maybeTerminateChannel
INFO: [ManagedChannelImpl@1b6cad77] Terminated
Jun 04, 2017 2:47:13 PM com.google.bigtable.repackaged.io.grpc.internal.ManagedChannelImpl maybeTerminateChannel
INFO: [ManagedChannelImpl@1fca53a7] Terminated
Jun 04, 2017 2:47:13 PM com.google.bigtable.repackaged.io.grpc.internal.ManagedChannelImpl maybeTerminateChannel
INFO: [ManagedChannelImpl@40dee07b] Terminated
Jun 04, 2017 2:47:13 PM com.google.bigtable.repackaged.io.grpc.internal.ManagedChannelImpl maybeTerminateChannel
INFO: [ManagedChannelImpl@21e39b82] Terminated
Jun 04, 2017 2:47:13 PM com.google.bigtable.repackaged.io.grpc.internal.ManagedChannelImpl maybeTerminateChannel
INFO: [ManagedChannelImpl@5f9a8ddc] Terminated
Jun 04, 2017 2:47:13 PM com.google.bigtable.repackaged.io.grpc.internal.ManagedChannelImpl maybeTerminateChannel
INFO: [ManagedChannelImpl@1280bae3] Terminated
Jun 04, 2017 2:47:13 PM com.google.bigtable.repackaged.io.grpc.internal.ManagedChannelImpl maybeTerminateChannel
INFO: [ManagedChannelImpl@53918b5e] Terminated
Jun 04, 2017 2:47:13 PM com.google.bigtable.repackaged.io.grpc.internal.ManagedChannelImpl maybeTerminateChannel
INFO: [ManagedChannelImpl@256a5df0] Terminated
Jun 04, 2017 2:47:13 PM com.google.bigtable.repackaged.io.grpc.internal.ManagedChannelImpl maybeTerminateChannel
INFO: [ManagedChannelImpl@1868ed54] Terminated
]]></system-err>
  </testcase>
  <testcase name="testDeleteConversation" classname="codeu.chat.server.BasicControllerTest" time="0.911">
    <error message="com.google.cloud.bigtable.grpc.scanner.BigtableRetriesExhaustedException: Exhausted streaming retries." type="java.lang.RuntimeException">java.lang.RuntimeException: com.google.cloud.bigtable.grpc.scanner.BigtableRetriesExhaustedException: Exhausted streaming retries.
	at org.apache.hadoop.hbase.client.AbstractClientScanner$1.hasNext(AbstractClientScanner.java:97)
	at codeu.chat.server.Model.updateMessages(Model.java:471)
	at codeu.chat.server.Model.messageById(Model.java:444)
	at codeu.chat.server.Controller.isIdInUse(Controller.java:275)
	at codeu.chat.server.Controller.createId(Controller.java:262)
	at codeu.chat.server.Controller.newUser(Controller.java:62)
	at codeu.chat.server.BasicControllerTest.testDeleteConversation(BasicControllerTest.java:100)
	at sun.reflect.NativeMethodAccessorImpl.invoke0(Native Method)
	at sun.reflect.NativeMethodAccessorImpl.invoke(NativeMethodAccessorImpl.java:62)
	at sun.reflect.DelegatingMethodAccessorImpl.invoke(DelegatingMethodAccessorImpl.java:43)
	at java.lang.reflect.Method.invoke(Method.java:498)
	at org.junit.runners.model.FrameworkMethod$1.runReflectiveCall(FrameworkMethod.java:50)
	at org.junit.internal.runners.model.ReflectiveCallable.run(ReflectiveCallable.java:12)
	at org.junit.runners.model.FrameworkMethod.invokeExplosively(FrameworkMethod.java:47)
	at org.junit.internal.runners.statements.InvokeMethod.evaluate(InvokeMethod.java:17)
	at org.junit.internal.runners.statements.RunBefores.evaluate(RunBefores.java:26)
	at org.junit.runners.ParentRunner.runLeaf(ParentRunner.java:325)
	at org.junit.runners.BlockJUnit4ClassRunner.runChild(BlockJUnit4ClassRunner.java:78)
	at org.junit.runners.BlockJUnit4ClassRunner.runChild(BlockJUnit4ClassRunner.java:57)
	at org.junit.runners.ParentRunner$3.run(ParentRunner.java:290)
	at org.junit.runners.ParentRunner$1.schedule(ParentRunner.java:71)
	at org.junit.runners.ParentRunner.runChildren(ParentRunner.java:288)
	at org.junit.runners.ParentRunner.access$000(ParentRunner.java:58)
	at org.junit.runners.ParentRunner$2.evaluate(ParentRunner.java:268)
	at org.junit.runners.ParentRunner.run(ParentRunner.java:363)
	at org.apache.maven.surefire.junit4.JUnit4Provider.execute(JUnit4Provider.java:367)
	at org.apache.maven.surefire.junit4.JUnit4Provider.executeWithRerun(JUnit4Provider.java:274)
	at org.apache.maven.surefire.junit4.JUnit4Provider.executeTestSet(JUnit4Provider.java:238)
	at org.apache.maven.surefire.junit4.JUnit4Provider.invoke(JUnit4Provider.java:161)
	at org.apache.maven.surefire.booter.ForkedBooter.invokeProviderInSameClassLoader(ForkedBooter.java:290)
	at org.apache.maven.surefire.booter.ForkedBooter.runSuitesInProcess(ForkedBooter.java:242)
	at org.apache.maven.surefire.booter.ForkedBooter.main(ForkedBooter.java:121)
Caused by: com.google.cloud.bigtable.grpc.scanner.BigtableRetriesExhaustedException: Exhausted streaming retries.
	at com.google.cloud.bigtable.grpc.scanner.ResumingStreamingResultScanner.next(ResumingStreamingResultScanner.java:89)
	at com.google.cloud.bigtable.grpc.scanner.ResumingStreamingResultScanner.next(ResumingStreamingResultScanner.java:34)
	at com.google.cloud.bigtable.hbase.adapters.read.BigtableResultScannerAdapter$1.next(BigtableResultScannerAdapter.java:57)
	at org.apache.hadoop.hbase.client.AbstractClientScanner$1.hasNext(AbstractClientScanner.java:94)
	... 31 more
Caused by: com.google.cloud.bigtable.grpc.io.IOExceptionWithStatus: Error in response stream
	at com.google.cloud.bigtable.grpc.scanner.ResultQueueEntry$ExceptionResultQueueEntry.getResponseOrThrow(ResultQueueEntry.java:88)
	at com.google.cloud.bigtable.grpc.scanner.ResponseQueueReader.getNextMergedRow(ResponseQueueReader.java:91)
	at com.google.cloud.bigtable.grpc.scanner.ResumingStreamingResultScanner.next(ResumingStreamingResultScanner.java:79)
	... 34 more
Caused by: com.google.bigtable.repackaged.io.grpc.StatusRuntimeException: PERMISSION_DENIED: User can't access: projects/codeuproject12345/instances/codeuinstance12345/tables/message
	at com.google.bigtable.repackaged.io.grpc.Status.asRuntimeException(Status.java:536)
	at com.google.cloud.bigtable.grpc.async.AbstractRetryingRpcListener.onClose(AbstractRetryingRpcListener.java:147)
	at com.google.cloud.bigtable.grpc.scanner.ReadRowsRetryListener.onClose(ReadRowsRetryListener.java:141)
	at com.google.cloud.bigtable.grpc.io.ChannelPool$InstrumentedChannel$2.onClose(ChannelPool.java:209)
	at com.google.bigtable.repackaged.io.grpc.internal.ClientCallImpl$ClientStreamListenerImpl.close(ClientCallImpl.java:481)
	at com.google.bigtable.repackaged.io.grpc.internal.ClientCallImpl$ClientStreamListenerImpl.access$600(ClientCallImpl.java:398)
	at com.google.bigtable.repackaged.io.grpc.internal.ClientCallImpl$ClientStreamListenerImpl$1StreamClosed.runInContext(ClientCallImpl.java:513)
	at com.google.bigtable.repackaged.io.grpc.internal.ContextRunnable.run(ContextRunnable.java:52)
	at com.google.bigtable.repackaged.io.grpc.internal.SerializingExecutor$TaskRunner.run(SerializingExecutor.java:154)
	at java.util.concurrent.ThreadPoolExecutor.runWorker(ThreadPoolExecutor.java:1142)
	at java.util.concurrent.ThreadPoolExecutor$Worker.run(ThreadPoolExecutor.java:617)
	at java.lang.Thread.run(Thread.java:745)
</error>
    <system-out><![CDATA[Scan for all messages:
]]></system-out>
    <system-err><![CDATA[Jun 04, 2017 2:47:13 PM com.google.bigtable.repackaged.io.grpc.internal.ManagedChannelImpl <init>
INFO: [ManagedChannelImpl@9f2fe2e] Created with target bigtable.googleapis.com:443
Jun 04, 2017 2:47:13 PM com.google.bigtable.repackaged.io.grpc.internal.ManagedChannelImpl <init>
INFO: [ManagedChannelImpl@4dd4965a] Created with target bigtable.googleapis.com:443
Jun 04, 2017 2:47:13 PM com.google.bigtable.repackaged.io.grpc.internal.ManagedChannelImpl <init>
INFO: [ManagedChannelImpl@79273a4f] Created with target bigtable.googleapis.com:443
Jun 04, 2017 2:47:13 PM com.google.bigtable.repackaged.io.grpc.internal.ManagedChannelImpl <init>
INFO: [ManagedChannelImpl@4e26987b] Created with target bigtable.googleapis.com:443
Jun 04, 2017 2:47:13 PM com.google.bigtable.repackaged.io.grpc.internal.ManagedChannelImpl <init>
INFO: [ManagedChannelImpl@50bb1c1f] Created with target bigtable.googleapis.com:443
Jun 04, 2017 2:47:13 PM com.google.bigtable.repackaged.io.grpc.internal.ManagedChannelImpl <init>
INFO: [ManagedChannelImpl@39342614] Created with target bigtable.googleapis.com:443
Jun 04, 2017 2:47:13 PM com.google.bigtable.repackaged.io.grpc.internal.ManagedChannelImpl <init>
INFO: [ManagedChannelImpl@7981963f] Created with target bigtable.googleapis.com:443
Jun 04, 2017 2:47:13 PM com.google.bigtable.repackaged.io.grpc.internal.ManagedChannelImpl <init>
INFO: [ManagedChannelImpl@31e3c34] Created with target bigtable.googleapis.com:443
Jun 04, 2017 2:47:13 PM com.google.bigtable.repackaged.io.grpc.internal.ManagedChannelImpl <init>
INFO: [ManagedChannelImpl@b4d83ac] Created with target bigtable.googleapis.com:443
Jun 04, 2017 2:47:13 PM com.google.bigtable.repackaged.io.grpc.internal.ManagedChannelImpl <init>
INFO: [ManagedChannelImpl@13d10057] Created with target bigtable.googleapis.com:443
Jun 04, 2017 2:47:14 PM com.google.bigtable.repackaged.io.grpc.internal.ManagedChannelImpl maybeTerminateChannel
INFO: [ManagedChannelImpl@4dd4965a] Terminated
Jun 04, 2017 2:47:14 PM com.google.bigtable.repackaged.io.grpc.internal.ManagedChannelImpl maybeTerminateChannel
INFO: [ManagedChannelImpl@79273a4f] Terminated
Jun 04, 2017 2:47:14 PM com.google.bigtable.repackaged.io.grpc.internal.ManagedChannelImpl maybeTerminateChannel
INFO: [ManagedChannelImpl@4e26987b] Terminated
Jun 04, 2017 2:47:14 PM com.google.bigtable.repackaged.io.grpc.internal.ManagedChannelImpl maybeTerminateChannel
INFO: [ManagedChannelImpl@50bb1c1f] Terminated
Jun 04, 2017 2:47:14 PM com.google.bigtable.repackaged.io.grpc.internal.ManagedChannelImpl maybeTerminateChannel
INFO: [ManagedChannelImpl@39342614] Terminated
Jun 04, 2017 2:47:14 PM com.google.bigtable.repackaged.io.grpc.internal.ManagedChannelImpl maybeTerminateChannel
INFO: [ManagedChannelImpl@7981963f] Terminated
Jun 04, 2017 2:47:14 PM com.google.bigtable.repackaged.io.grpc.internal.ManagedChannelImpl maybeTerminateChannel
INFO: [ManagedChannelImpl@31e3c34] Terminated
Jun 04, 2017 2:47:14 PM com.google.bigtable.repackaged.io.grpc.internal.ManagedChannelImpl maybeTerminateChannel
INFO: [ManagedChannelImpl@b4d83ac] Terminated
Jun 04, 2017 2:47:14 PM com.google.bigtable.repackaged.io.grpc.internal.ManagedChannelImpl maybeTerminateChannel
INFO: [ManagedChannelImpl@13d10057] Terminated
Jun 04, 2017 2:47:14 PM com.google.bigtable.repackaged.io.grpc.internal.ManagedChannelImpl maybeTerminateChannel
INFO: [ManagedChannelImpl@9f2fe2e] Terminated
]]></system-err>
  </testcase>
</testsuite>